<?xml version="1.0" encoding="UTF-8"?>
<!-- Generated by org.testng.reporters.JUnitXMLReporter -->
<testsuite ignored="0" hostname="DESKTOP-NQ2L7NS" failures="0" tests="12" name="Default test" time="25.007" errors="0" timestamp="2024-06-07T13:22:57 IST">
  <testcase classname="api.test.UserTestDD" name="testpostuserDD" time="5.602"/>
  <testcase classname="api.test.UserTestDD" name="testpostuserDD" time="1.508"/>
  <testcase classname="api.test.UserTestDD" name="testpostuserDD" time="1.375"/>
  <testcase classname="api.test.UserTestDD" name="testpostuserDD" time="1.481"/>
  <testcase classname="api.test.UserTestDD" name="testgetuserDD" time="1.484"/>
  <testcase classname="api.test.UserTestDD" name="testgetuserDD" time="1.642"/>
  <testcase classname="api.test.UserTestDD" name="testgetuserDD" time="1.529"/>
  <testcase classname="api.test.UserTestDD" name="testgetuserDD" time="1.435"/>
  <testcase classname="api.test.UserTestDD" name="testdeleteuserDD" time="1.509"/>
  <testcase classname="api.test.UserTestDD" name="testdeleteuserDD" time="1.431"/>
  <testcase classname="api.test.UserTestDD" name="testdeleteuserDD" time="1.431"/>
  <testcase classname="api.test.UserTestDD" name="testdeleteuserDD" time="1.429"/>
</testsuite> <!-- Default test -->
