<?xml version="1.0" encoding="UTF-8"?>
<!-- Generated by org.testng.reporters.JUnitXMLReporter -->
<testsuite ignored="0" hostname="DESKTOP-NQ2L7NS" failures="0" tests="4" name="Test" time="8.638" errors="0" timestamp="2024-06-14T15:03:04 IST">
  <testcase classname="api.test.UserTest" name="postuser" time="2.723"/>
  <testcase classname="api.test.UserTest" name="getuser" time="1.203"/>
  <testcase classname="api.test.UserTest" name="updateuser" time="2.38"/>
  <testcase classname="api.test.UserTest" name="deleteuser" time="1.207"/>
</testsuite> <!-- Test -->
