<?xml version="1.0" encoding="UTF-8"?>
<!-- Generated by org.testng.reporters.JUnitXMLReporter -->
<testsuite ignored="0" hostname="DESKTOP-NQ2L7NS" failures="0" tests="4" name="Test" time="9.476" errors="0" timestamp="2024-06-20T13:04:01 IST">
  <testcase classname="api.test.UserTest" name="postuser" time="3.202"/>
  <testcase classname="api.test.UserTest" name="getuser" time="1.4"/>
  <testcase classname="api.test.UserTest" name="updateuser" time="2.607"/>
  <testcase classname="api.test.UserTest" name="deleteuser" time="1.284"/>
</testsuite> <!-- Test -->
