<?xml version="1.0" encoding="UTF-8"?>
<testng-results ignored="0" total="4" passed="4" failed="0" skipped="0">
  <reporter-output>
  </reporter-output>
  <suite started-at="2024-06-20T13:03:51 IST" name="Suite" finished-at="2024-06-20T13:04:00 IST" duration-ms="9476">
    <groups>
    </groups>
    <test started-at="2024-06-20T13:03:51 IST" name="Test" finished-at="2024-06-20T13:04:00 IST" duration-ms="9476">
      <class name="api.test.UserTest">
        <test-method is-config="true" signature="setupdata()[pri:0, instance:api.test.UserTest@2a265ea9]" started-at="2024-06-20T13:03:51 IST" name="setupdata" finished-at="2024-06-20T13:03:52 IST" duration-ms="734" status="PASS">
          <reporter-output>
          </reporter-output>
        </test-method> <!-- setupdata -->
        <test-method signature="postuser()[pri:1, instance:api.test.UserTest@2a265ea9]" started-at="2024-06-20T13:03:52 IST" name="postuser" finished-at="2024-06-20T13:03:55 IST" duration-ms="3202" status="PASS">
          <reporter-output>
          </reporter-output>
        </test-method> <!-- postuser -->
        <test-method signature="getuser()[pri:2, instance:api.test.UserTest@2a265ea9]" started-at="2024-06-20T13:03:55 IST" name="getuser" finished-at="2024-06-20T13:03:57 IST" duration-ms="1400" status="PASS">
          <reporter-output>
          </reporter-output>
        </test-method> <!-- getuser -->
        <test-method signature="updateuser()[pri:3, instance:api.test.UserTest@2a265ea9]" started-at="2024-06-20T13:03:57 IST" name="updateuser" finished-at="2024-06-20T13:03:59 IST" duration-ms="2607" status="PASS">
          <reporter-output>
          </reporter-output>
        </test-method> <!-- updateuser -->
        <test-method signature="deleteuser()[pri:4, instance:api.test.UserTest@2a265ea9]" started-at="2024-06-20T13:03:59 IST" name="deleteuser" finished-at="2024-06-20T13:04:00 IST" duration-ms="1284" status="PASS">
          <reporter-output>
          </reporter-output>
        </test-method> <!-- deleteuser -->
      </class> <!-- api.test.UserTest -->
    </test> <!-- Test -->
  </suite> <!-- Suite -->
</testng-results>
