<?xml version="1.0" encoding="UTF-8"?>
<testng-results ignored="0" total="4" passed="4" failed="0" skipped="0">
  <reporter-output>
  </reporter-output>
  <suite started-at="2024-06-14T15:02:55 IST" name="Suite" finished-at="2024-06-14T15:03:03 IST" duration-ms="8638">
    <groups>
    </groups>
    <test started-at="2024-06-14T15:02:55 IST" name="Test" finished-at="2024-06-14T15:03:03 IST" duration-ms="8638">
      <class name="api.test.UserTest">
        <test-method is-config="true" signature="setupdata()[pri:0, instance:api.test.UserTest@16a0ee18]" started-at="2024-06-14T15:02:55 IST" name="setupdata" finished-at="2024-06-14T15:02:56 IST" duration-ms="816" status="PASS">
          <reporter-output>
          </reporter-output>
        </test-method> <!-- setupdata -->
        <test-method signature="postuser()[pri:1, instance:api.test.UserTest@16a0ee18]" started-at="2024-06-14T15:02:56 IST" name="postuser" finished-at="2024-06-14T15:02:59 IST" duration-ms="2723" status="PASS">
          <reporter-output>
          </reporter-output>
        </test-method> <!-- postuser -->
        <test-method signature="getuser()[pri:2, instance:api.test.UserTest@16a0ee18]" started-at="2024-06-14T15:02:59 IST" name="getuser" finished-at="2024-06-14T15:03:00 IST" duration-ms="1203" status="PASS">
          <reporter-output>
          </reporter-output>
        </test-method> <!-- getuser -->
        <test-method signature="updateuser()[pri:3, instance:api.test.UserTest@16a0ee18]" started-at="2024-06-14T15:03:00 IST" name="updateuser" finished-at="2024-06-14T15:03:02 IST" duration-ms="2380" status="PASS">
          <reporter-output>
          </reporter-output>
        </test-method> <!-- updateuser -->
        <test-method signature="deleteuser()[pri:4, instance:api.test.UserTest@16a0ee18]" started-at="2024-06-14T15:03:02 IST" name="deleteuser" finished-at="2024-06-14T15:03:03 IST" duration-ms="1207" status="PASS">
          <reporter-output>
          </reporter-output>
        </test-method> <!-- deleteuser -->
      </class> <!-- api.test.UserTest -->
    </test> <!-- Test -->
  </suite> <!-- Suite -->
</testng-results>
